0 info it worked if it ends with ok
1 verbose cli [ '/usr/bin/node',
1 verbose cli   '/usr/bin/npm',
1 verbose cli   'install',
1 verbose cli   '-g',
1 verbose cli   'bowernpm',
1 verbose cli   'install',
1 verbose cli   '-g',
1 verbose cli   'bower' ]
2 info using npm@1.4.28
3 info using node@v0.10.37
4 verbose node symlink /usr/bin/node
5 verbose cache add [ 'bowernpm', null ]
6 verbose cache add name=undefined spec="bowernpm" args=["bowernpm",null]
7 verbose parsed url { protocol: null,
7 verbose parsed url   slashes: null,
7 verbose parsed url   auth: null,
7 verbose parsed url   host: null,
7 verbose parsed url   port: null,
7 verbose parsed url   hostname: null,
7 verbose parsed url   hash: null,
7 verbose parsed url   search: null,
7 verbose parsed url   query: null,
7 verbose parsed url   pathname: 'bowernpm',
7 verbose parsed url   path: 'bowernpm',
7 verbose parsed url   href: 'bowernpm' }
8 verbose cache add [ 'install', null ]
9 verbose cache add name=undefined spec="install" args=["install",null]
10 verbose parsed url { protocol: null,
10 verbose parsed url   slashes: null,
10 verbose parsed url   auth: null,
10 verbose parsed url   host: null,
10 verbose parsed url   port: null,
10 verbose parsed url   hostname: null,
10 verbose parsed url   hash: null,
10 verbose parsed url   search: null,
10 verbose parsed url   query: null,
10 verbose parsed url   pathname: 'install',
10 verbose parsed url   path: 'install',
10 verbose parsed url   href: 'install' }
11 verbose cache add [ 'bower', null ]
12 verbose cache add name=undefined spec="bower" args=["bower",null]
13 verbose parsed url { protocol: null,
13 verbose parsed url   slashes: null,
13 verbose parsed url   auth: null,
13 verbose parsed url   host: null,
13 verbose parsed url   port: null,
13 verbose parsed url   hostname: null,
13 verbose parsed url   hash: null,
13 verbose parsed url   search: null,
13 verbose parsed url   query: null,
13 verbose parsed url   pathname: 'bower',
13 verbose parsed url   path: 'bower',
13 verbose parsed url   href: 'bower' }
14 silly lockFile 5ab01d3f-bowernpm bowernpm
15 verbose lock bowernpm /home/adamlew/.npm/5ab01d3f-bowernpm.lock
16 silly lockFile 89fb511f-install install
17 verbose lock install /home/adamlew/.npm/89fb511f-install.lock
18 silly lockFile 206e3ce5-bower bower
19 verbose lock bower /home/adamlew/.npm/206e3ce5-bower.lock
20 silly lockFile 5ab01d3f-bowernpm bowernpm
21 silly lockFile 5ab01d3f-bowernpm bowernpm
22 silly lockFile 89fb511f-install install
23 silly lockFile 89fb511f-install install
24 silly lockFile 206e3ce5-bower bower
25 silly lockFile 206e3ce5-bower bower
26 verbose addNamed [ 'bowernpm', '' ]
27 verbose addNamed [ null, '*' ]
28 silly lockFile 5dd25946-bowernpm bowernpm@
29 verbose lock bowernpm@ /home/adamlew/.npm/5dd25946-bowernpm.lock
30 verbose addNamed [ 'install', '' ]
31 verbose addNamed [ null, '*' ]
32 silly lockFile cadb329f-install install@
33 verbose lock install@ /home/adamlew/.npm/cadb329f-install.lock
34 verbose addNamed [ 'bower', '' ]
35 verbose addNamed [ null, '*' ]
36 silly lockFile 1240aab1-bower bower@
37 verbose lock bower@ /home/adamlew/.npm/1240aab1-bower.lock
38 silly addNameRange { name: 'bowernpm', range: '*', hasData: false }
39 silly addNameRange { name: 'install', range: '*', hasData: false }
40 silly addNameRange { name: 'bower', range: '*', hasData: false }
41 verbose request where is /bowernpm
42 verbose request registry https://registry.npmjs.org/
43 verbose request id 8ab2eb3904979804
44 verbose url raw /bowernpm
45 verbose url resolving [ 'https://registry.npmjs.org/', './bowernpm' ]
46 verbose url resolved https://registry.npmjs.org/bowernpm
47 verbose request where is https://registry.npmjs.org/bowernpm
48 info trying registry request attempt 1 at 22:32:09
49 http GET https://registry.npmjs.org/bowernpm
50 verbose request where is /install
51 verbose request registry https://registry.npmjs.org/
52 verbose url raw /install
53 verbose url resolving [ 'https://registry.npmjs.org/', './install' ]
54 verbose url resolved https://registry.npmjs.org/install
55 verbose request where is https://registry.npmjs.org/install
56 info trying registry request attempt 1 at 22:32:09
57 verbose etag "E366EZ1PP0PRHGRS019U820V3"
58 http GET https://registry.npmjs.org/install
59 verbose request where is /bower
60 verbose request registry https://registry.npmjs.org/
61 verbose url raw /bower
62 verbose url resolving [ 'https://registry.npmjs.org/', './bower' ]
63 verbose url resolved https://registry.npmjs.org/bower
64 verbose request where is https://registry.npmjs.org/bower
65 info trying registry request attempt 1 at 22:32:09
66 verbose etag "9HRYO8VFJFIXAO47KE43FACXA"
67 http GET https://registry.npmjs.org/bower
68 http 304 https://registry.npmjs.org/install
69 silly registry.get cb [ 304,
69 silly registry.get   { date: 'Mon, 05 Oct 2015 20:32:11 GMT',
69 silly registry.get     via: '1.1 varnish',
69 silly registry.get     'cache-control': 'max-age=60',
69 silly registry.get     etag: '"E366EZ1PP0PRHGRS019U820V3"',
69 silly registry.get     age: '49',
69 silly registry.get     connection: 'keep-alive',
69 silly registry.get     'x-served-by': 'cache-fra1242-FRA',
69 silly registry.get     'x-cache': 'HIT',
69 silly registry.get     'x-cache-hits': '1',
69 silly registry.get     'x-timer': 'S1444077131.021644,VS0,VE0',
69 silly registry.get     vary: 'Accept' } ]
70 verbose etag https://registry.npmjs.org/install from cache
71 http 304 https://registry.npmjs.org/bower
72 silly registry.get cb [ 304,
72 silly registry.get   { date: 'Mon, 05 Oct 2015 20:32:11 GMT',
72 silly registry.get     via: '1.1 varnish',
72 silly registry.get     'cache-control': 'max-age=60',
72 silly registry.get     etag: '"9HRYO8VFJFIXAO47KE43FACXA"',
72 silly registry.get     age: '24',
72 silly registry.get     connection: 'keep-alive',
72 silly registry.get     'x-served-by': 'cache-fra1223-FRA',
72 silly registry.get     'x-cache': 'HIT',
72 silly registry.get     'x-cache-hits': '4',
72 silly registry.get     'x-timer': 'S1444077131.030998,VS0,VE0',
72 silly registry.get     vary: 'Accept' } ]
73 verbose etag https://registry.npmjs.org/bower from cache
74 silly addNameRange number 2 { name: 'install', range: '*', hasData: true }
75 silly addNameRange versions [ 'install',
75 silly addNameRange   [ '0.1.1',
75 silly addNameRange     '0.1.2',
75 silly addNameRange     '0.1.3',
75 silly addNameRange     '0.1.4',
75 silly addNameRange     '0.1.5',
75 silly addNameRange     '0.1.6',
75 silly addNameRange     '0.1.7',
75 silly addNameRange     '0.1.8' ] ]
76 verbose addNamed [ 'install', '0.1.8' ]
77 verbose addNamed [ '0.1.8', '0.1.8' ]
78 silly lockFile 584c81dc-install-0-1-8 install@0.1.8
79 verbose lock install@0.1.8 /home/adamlew/.npm/584c81dc-install-0-1-8.lock
80 silly addNameRange number 2 { name: 'bower', range: '*', hasData: true }
81 silly addNameRange versions [ 'bower',
81 silly addNameRange   [ '0.1.0',
81 silly addNameRange     '0.1.2',
81 silly addNameRange     '0.1.3',
81 silly addNameRange     '0.2.0',
81 silly addNameRange     '0.3.0',
81 silly addNameRange     '0.3.1',
81 silly addNameRange     '0.3.2',
81 silly addNameRange     '0.4.0',
81 silly addNameRange     '0.5.0',
81 silly addNameRange     '0.5.1',
81 silly addNameRange     '0.6.0',
81 silly addNameRange     '0.6.1',
81 silly addNameRange     '0.6.2',
81 silly addNameRange     '0.6.3',
81 silly addNameRange     '0.6.4',
81 silly addNameRange     '0.6.5',
81 silly addNameRange     '0.6.6',
81 silly addNameRange     '0.6.7',
81 silly addNameRange     '0.6.8',
81 silly addNameRange     '0.7.0',
81 silly addNameRange     '0.7.1',
81 silly addNameRange     '0.8.0',
81 silly addNameRange     '0.8.1',
81 silly addNameRange     '0.8.2',
81 silly addNameRange     '0.8.3',
81 silly addNameRange     '0.8.4',
81 silly addNameRange     '0.8.5',
81 silly addNameRange     '0.8.6',
81 silly addNameRange     '0.9.0',
81 silly addNameRange     '0.9.1',
81 silly addNameRange     '0.9.2',
81 silly addNameRange     '0.10.0',
81 silly addNameRange     '1.0.0',
81 silly addNameRange     '1.0.1',
81 silly addNameRange     '1.0.2',
81 silly addNameRange     '1.0.3',
81 silly addNameRange     '1.1.0',
81 silly addNameRange     '1.1.1',
81 silly addNameRange     '1.1.2',
81 silly addNameRange     '1.2.0',
81 silly addNameRange     '1.2.1',
81 silly addNameRange     '1.2.2',
81 silly addNameRange     '1.2.3',
81 silly addNameRange     '1.2.4',
81 silly addNameRange     '1.2.5',
81 silly addNameRange     '1.2.6',
81 silly addNameRange     '1.2.7',
81 silly addNameRange     '1.2.8',
81 silly addNameRange     '1.3.0',
81 silly addNameRange     '1.3.1',
81 silly addNameRange     '1.3.2',
81 silly addNameRange     '1.3.3',
81 silly addNameRange     '1.3.4',
81 silly addNameRange     '1.3.5',
81 silly addNameRange     '1.3.6',
81 silly addNameRange     '1.3.7',
81 silly addNameRange     '1.3.8',
81 silly addNameRange     '1.3.9',
81 silly addNameRange     '1.3.10',
81 silly addNameRange     '1.3.11',
81 silly addNameRange     '1.3.12',
81 silly addNameRange     '1.4.0',
81 silly addNameRange     '1.4.1',
81 silly addNameRange     '1.5.0',
81 silly addNameRange     '1.5.1',
81 silly addNameRange     '1.5.2',
81 silly addNameRange     '1.5.3' ] ]
82 verbose addNamed [ 'bower', '1.5.3' ]
83 verbose addNamed [ '1.5.3', '1.5.3' ]
84 silly lockFile a87c38db-bower-1-5-3 bower@1.5.3
85 verbose lock bower@1.5.3 /home/adamlew/.npm/a87c38db-bower-1-5-3.lock
86 silly lockFile 584c81dc-install-0-1-8 install@0.1.8
87 silly lockFile 584c81dc-install-0-1-8 install@0.1.8
88 silly lockFile cadb329f-install install@
89 silly lockFile cadb329f-install install@
90 silly lockFile a87c38db-bower-1-5-3 bower@1.5.3
91 silly lockFile a87c38db-bower-1-5-3 bower@1.5.3
92 silly lockFile 1240aab1-bower bower@
93 silly lockFile 1240aab1-bower bower@
94 http 404 https://registry.npmjs.org/bowernpm
95 silly registry.get cb [ 404,
95 silly registry.get   { 'content-type': 'application/json',
95 silly registry.get     'cache-control': 'max-age=0',
95 silly registry.get     'content-length': '2',
95 silly registry.get     'accept-ranges': 'bytes',
95 silly registry.get     date: 'Mon, 05 Oct 2015 20:32:11 GMT',
95 silly registry.get     via: '1.1 varnish',
95 silly registry.get     connection: 'keep-alive',
95 silly registry.get     'x-served-by': 'cache-fra1223-FRA',
95 silly registry.get     'x-cache': 'MISS',
95 silly registry.get     'x-cache-hits': '0',
95 silly registry.get     'x-timer': 'S1444077131.025512,VS0,VE729' } ]
96 silly lockFile 5dd25946-bowernpm bowernpm@
97 silly lockFile 5dd25946-bowernpm bowernpm@
98 error 404 Not Found
98 error 404
98 error 404 'bowernpm' is not in the npm registry.
98 error 404 You should bug the author to publish it
98 error 404
98 error 404 Note that you can also install from a
98 error 404 tarball, folder, or http url, or git url.
99 error System Linux 3.10.18
100 error command "/usr/bin/node" "/usr/bin/npm" "install" "-g" "bowernpm" "install" "-g" "bower"
101 error cwd /home/adamlew/iare-frontend
102 error node -v v0.10.37
103 error npm -v 1.4.28
104 error code E404
105 verbose exit [ 1, true ]
